2024-06-28 09:39:20,190 - RPA.core.certificates - INFO - Truststore injection done, using system certificate store to validate HTTPS.
<asyncio.unix_events.ThreadedChildWatcher object at 0x7f99782d5d80>
<Condition(<unlocked _thread.lock object at 0x7f997b0382c0>, 1)>
<selectors.EpollSelector object at 0x7f99782d70d0>
===============================================================================
Teardown is taking longer than expected
(took more than 5.0s).
A thread dump prior to interruption will be shown below.
-- Configure this timeout with '--teardown-dump-threads-timeout' argument 
or 'RC_TEARDOWN_DUMP_THREADS_TIMEOUT' environment variable.

================================= Thread Dump =================================

-------------------------------------------------------------------------------
 Thread Thread-1  (daemon: True)

 File "/home/gellanz/.robocorp/holotree/96113aa_b1f3c24_09529949/lib/python3.10/threading.py", line 973, in _bootstrap
   self._bootstrap_inner()
 File "/home/gellanz/.robocorp/holotree/96113aa_b1f3c24_09529949/lib/python3.10/threading.py", line 1016, in _bootstrap_inner
   self.run()
 File "/home/gellanz/.robocorp/holotree/96113aa_b1f3c24_09529949/lib/python3.10/site-packages/robocorp/tasks/_interrupts.py", line 118, in run
   self.on_timeout1()
 File "/home/gellanz/.robocorp/holotree/96113aa_b1f3c24_09529949/lib/python3.10/site-packages/robocorp/tasks/_interrupts.py", line 165, in print_threads
   dump_threads(
 File "/home/gellanz/.robocorp/holotree/96113aa_b1f3c24_09529949/lib/python3.10/site-packages/robocorp/tasks/_interrupts.py", line 215, in dump_threads
   for filename, lineno, name, line in traceback.extract_stack(stack):

-------------------------------------------------------------------------------
 Thread waitpid-0  (daemon: True)

 File "/home/gellanz/.robocorp/holotree/96113aa_b1f3c24_09529949/lib/python3.10/threading.py", line 973, in _bootstrap
   self._bootstrap_inner()
 File "/home/gellanz/.robocorp/holotree/96113aa_b1f3c24_09529949/lib/python3.10/threading.py", line 1016, in _bootstrap_inner
   self.run()
 File "/home/gellanz/.robocorp/holotree/96113aa_b1f3c24_09529949/lib/python3.10/threading.py", line 953, in run
   self._target(*self._args, **self._kwargs)
 File "/home/gellanz/.robocorp/holotree/96113aa_b1f3c24_09529949/lib/python3.10/asyncio/unix_events.py", line 1392, in _do_waitpid
   pid, status = os.waitpid(expected_pid, 0)

-------------------------------------------------------------------------------
 Thread OutputToPortThread  (daemon: True)

 File "/home/gellanz/.robocorp/holotree/96113aa_b1f3c24_09529949/lib/python3.10/threading.py", line 973, in _bootstrap
   self._bootstrap_inner()
 File "/home/gellanz/.robocorp/holotree/96113aa_b1f3c24_09529949/lib/python3.10/threading.py", line 1016, in _bootstrap_inner
   self.run()
 File "/home/gellanz/.robocorp/holotree/96113aa_b1f3c24_09529949/lib/python3.10/threading.py", line 953, in run
   self._target(*self._args, **self._kwargs)
 File "/home/gellanz/.robocorp/holotree/96113aa_b1f3c24_09529949/lib/python3.10/site-packages/robocorp/tasks/_log_output_setup.py", line 73, in write_in_thread
   msg = q.get()
 File "/home/gellanz/.robocorp/holotree/96113aa_b1f3c24_09529949/lib/python3.10/queue.py", line 171, in get
   self.not_empty.wait()
 File "/home/gellanz/.robocorp/holotree/96113aa_b1f3c24_09529949/lib/python3.10/threading.py", line 320, in wait
   waiter.acquire()

-------------------------------------------------------------------------------
 Thread MainThread  (daemon: False)

 File "/home/gellanz/.robocorp/holotree/96113aa_b1f3c24_09529949/lib/python3.10/site-packages/playwright/sync_api/_context_manager.py", line 56, in greenlet_main
   self._loop.run_until_complete(self._connection.run_as_sync())
 File "/home/gellanz/.robocorp/holotree/96113aa_b1f3c24_09529949/lib/python3.10/asyncio/base_events.py", line 636, in run_until_complete
   self.run_forever()
 File "/home/gellanz/.robocorp/holotree/96113aa_b1f3c24_09529949/lib/python3.10/asyncio/base_events.py", line 603, in run_forever
   self._run_once()
 File "/home/gellanz/.robocorp/holotree/96113aa_b1f3c24_09529949/lib/python3.10/asyncio/base_events.py", line 1910, in _run_once
   handle = None  # Needed to break cycles when an exception occurs.
 File "/home/gellanz/.robocorp/holotree/96113aa_b1f3c24_09529949/lib/python3.10/selectors.py", line 482, in select
   return ready

=============================== END Thread Dump ===============================